#
# There is insufficient memory for the Java Runtime Environment to continue.
# Native memory allocation (malloc) failed to allocate 32744 bytes for ChunkPool::allocate
# Possible reasons:
#   The system is out of physical RAM or swap space
#   The process is running with CompressedOops enabled, and the Java Heap may be blocking the growth of the native heap
# Possible solutions:
#   Reduce memory load on the system
#   Increase physical memory or swap space
#   Check if swap backing store is full
#   Decrease Java heap size (-Xmx/-Xms)
#   Decrease number of Java threads
#   Decrease Java thread stack sizes (-Xss)
#   Set larger code cache with -XX:ReservedCodeCacheSize=
#   JVM is running with Zero Based Compressed Oops mode in which the Java heap is
#     placed in the first 32GB address space. The Java Heap base address is the
#     maximum limit for the native heap growth. Please use -XX:HeapBaseMinAddress
#     to set the Java Heap base and to place the Java Heap above 32GB virtual address.
# This output file may be truncated or incomplete.
#
#  Out of Memory Error (./open/src/hotspot/share/memory/arena.cpp:81), pid=11488, tid=18320
#
# JRE version: Java(TM) SE Runtime Environment 18.9 (11.0.13+10) (build 11.0.13+10-LTS-370)
# Java VM: Java HotSpot(TM) 64-Bit Server VM 18.9 (11.0.13+10-LTS-370, mixed mode, tiered, compressed oops, g1 gc, windows-amd64)
# No core dump will be written. Minidumps are not enabled by default on client versions of Windows
#

---------------  S U M M A R Y ------------

Command Line: -javaagent:C:\Users\Kafka\AppData\Local\JetBrains\Toolbox\apps\IDEA-C\ch-0\213.6777.52\lib\idea_rt.jar=62944:C:\Users\Kafka\AppData\Local\JetBrains\Toolbox\apps\IDEA-C\ch-0\213.6777.52\bin -Dfile.encoding=UTF-8 jpabook.jpashop.JpashopApplication

Host: 11th Gen Intel(R) Core(TM) i5-11300H @ 3.10GHz, 8 cores, 15G,  Windows 10 , 64 bit Build 19041 (10.0.19041.1645)
Time: Thu May  5 15:48:26 2022 대한민국 표준시 elapsed time: 2.385596 seconds (0d 0h 0m 2s)

---------------  T H R E A D  ---------------

Current thread (0x00000185acba0000):  JavaThread "C2 CompilerThread1" daemon [_thread_in_native, id=18320, stack(0x0000005a75e00000,0x0000005a75f00000)]


Current CompileTask:
C2:   2385 3083       4       org.springframework.beans.factory.support.AbstractBeanFactory::isTypeMatch (607 bytes)

Stack: [0x0000005a75e00000,0x0000005a75f00000]
Native frames: (J=compiled Java code, j=interpreted, Vv=VM code, C=native code)
V  [jvm.dll+0x62870a]
V  [jvm.dll+0x761f2f]
V  [jvm.dll+0x7635d9]
V  [jvm.dll+0x763c63]
V  [jvm.dll+0x23d728]
V  [jvm.dll+0xb2b9b]
V  [jvm.dll+0xb2efc]
V  [jvm.dll+0x63e56c]
V  [jvm.dll+0x2ace76]
V  [jvm.dll+0x63c497]
V  [jvm.dll+0x63cc57]
V  [jvm.dll+0x63c28b]
V  [jvm.dll+0x63a13e]
V  [jvm.dll+0x17a28c]
V  [jvm.dll+0x2ad3a6]
V  [jvm.dll+0x644e98]
V  [jvm.dll+0x63cc4f]
V  [jvm.dll+0x63c28b]
V  [jvm.dll+0x63a13e]
V  [jvm.dll+0x17a28c]
V  [jvm.dll+0x2ad3a6]
V  [jvm.dll+0x644e98]
V  [jvm.dll+0x63cc4f]
V  [jvm.dll+0x63c28b]
V  [jvm.dll+0x63a13e]
V  [jvm.dll+0x17a28c]
V  [jvm.dll+0x2ad3a6]
V  [jvm.dll+0x644e98]
V  [jvm.dll+0x63cc4f]
V  [jvm.dll+0x63c28b]
V  [jvm.dll+0x63a13e]
V  [jvm.dll+0x17a28c]
V  [jvm.dll+0x2ad3a6]
V  [jvm.dll+0x644e98]
V  [jvm.dll+0x63cc4f]
V  [jvm.dll+0x63c28b]
V  [jvm.dll+0x63a13e]
V  [jvm.dll+0x17a28c]
V  [jvm.dll+0x2ad3a6]
V  [jvm.dll+0x644e98]
V  [jvm.dll+0x63cc4f]
V  [jvm.dll+0x63c28b]
V  [jvm.dll+0x63a13e]
V  [jvm.dll+0x17a28c]
V  [jvm.dll+0x2ad3a6]
V  [jvm.dll+0x644e98]
V  [jvm.dll+0x63cc4f]
V  [jvm.dll+0x63c28b]
V  [jvm.dll+0x63a13e]
V  [jvm.dll+0x17a28c]
V  [jvm.dll+0x17ae19]
V  [jvm.dll+0x17ad5e]
V  [jvm.dll+0x2ad3a6]
V  [jvm.dll+0x644e98]
V  [jvm.dll+0x63cc4f]
V  [jvm.dll+0x63c28b]
V  [jvm.dll+0x63a13e]
V  [jvm.dll+0x17a28c]
V  [jvm.dll+0x2ad3a6]
V  [jvm.dll+0x644e98]
V  [jvm.dll+0x63cc4f]
V  [jvm.dll+0x63c28b]
V  [jvm.dll+0x63a13e]
V  [jvm.dll+0x17a28c]
V  [jvm.dll+0x1f70c3]
V  [jvm.dll+0x177991]
V  [jvm.dll+0x206d84]
V  [jvm.dll+0x204ebb]
V  [jvm.dll+0x727e70]
V  [jvm.dll+0x720a54]
V  [jvm.dll+0x627606]
C  [ucrtbase.dll+0x21bb2]
C  [KERNEL32.DLL+0x17034]
C  [ntdll.dll+0x52651]


---------------  P R O C E S S  ---------------

Threads class SMR info:
_java_thread_list=0x00000185adf47650, length=15, elements={
0x00000185896f7000, 0x00000185ac0d4800, 0x00000185ac98a800, 0x00000185ac9f6000,
0x00000185ac9fc000, 0x00000185ac9fe800, 0x00000185aca04000, 0x00000185ac0fb000,
0x00000185ac0fe800, 0x00000185acb6e000, 0x00000185acba0000, 0x00000185acd86000,
0x00000185ad13a800, 0x00000185ad43c000, 0x00000185ade79800
}

Java Threads: ( => current thread )
  0x00000185896f7000 JavaThread "main" [_thread_blocked, id=11604, stack(0x0000005a74e00000,0x0000005a74f00000)]
  0x00000185ac0d4800 JavaThread "Reference Handler" daemon [_thread_blocked, id=16616, stack(0x0000005a75500000,0x0000005a75600000)]
  0x00000185ac98a800 JavaThread "Finalizer" daemon [_thread_blocked, id=15016, stack(0x0000005a75600000,0x0000005a75700000)]
  0x00000185ac9f6000 JavaThread "Signal Dispatcher" daemon [_thread_blocked, id=12580, stack(0x0000005a75700000,0x0000005a75800000)]
  0x00000185ac9fc000 JavaThread "Attach Listener" daemon [_thread_blocked, id=8228, stack(0x0000005a75800000,0x0000005a75900000)]
  0x00000185ac9fe800 JavaThread "Service Thread" daemon [_thread_blocked, id=16940, stack(0x0000005a75900000,0x0000005a75a00000)]
  0x00000185aca04000 JavaThread "C2 CompilerThread0" daemon [_thread_in_native, id=18188, stack(0x0000005a75a00000,0x0000005a75b00000)]
  0x00000185ac0fb000 JavaThread "C1 CompilerThread0" daemon [_thread_in_native, id=18604, stack(0x0000005a75b00000,0x0000005a75c00000)]
  0x00000185ac0fe800 JavaThread "Sweeper thread" daemon [_thread_blocked, id=2516, stack(0x0000005a75c00000,0x0000005a75d00000)]
  0x00000185acb6e000 JavaThread "Common-Cleaner" daemon [_thread_blocked, id=8460, stack(0x0000005a75d00000,0x0000005a75e00000)]
=>0x00000185acba0000 JavaThread "C2 CompilerThread1" daemon [_thread_in_native, id=18320, stack(0x0000005a75e00000,0x0000005a75f00000)]
  0x00000185acd86000 JavaThread "Monitor Ctrl-Break" daemon [_thread_in_native, id=19984, stack(0x0000005a75f00000,0x0000005a76000000)]
  0x00000185ad13a800 JavaThread "Thread-0" [_thread_blocked, id=19284, stack(0x0000005a76600000,0x0000005a76700000)]
  0x00000185ad43c000 JavaThread "restartedMain" [_thread_in_vm, id=4700, stack(0x0000005a76700000,0x0000005a76800000)]
  0x00000185ade79800 JavaThread "C2 CompilerThread2" daemon [_thread_in_native, id=17056, stack(0x0000005a76800000,0x0000005a76900000)]

Other Threads:
  0x00000185ac0d2800 VMThread "VM Thread" [stack: 0x0000005a75400000,0x0000005a75500000] [id=20684]
  0x00000185acca7000 WatcherThread [stack: 0x0000005a76000000,0x0000005a76100000] [id=19724]
  0x000001858970c000 GCTaskThread "GC Thread#0" [stack: 0x0000005a74f00000,0x0000005a75000000] [id=6152]
  0x00000185ad76b800 GCTaskThread "GC Thread#1" [stack: 0x0000005a76100000,0x0000005a76200000] [id=8196]
  0x00000185ad110000 GCTaskThread "GC Thread#2" [stack: 0x0000005a76200000,0x0000005a76300000] [id=13652]
  0x00000185ad11a000 GCTaskThread "GC Thread#3" [stack: 0x0000005a76300000,0x0000005a76400000] [id=18036]
  0x00000185ad2af800 GCTaskThread "GC Thread#4" [stack: 0x0000005a76400000,0x0000005a76500000] [id=22248]
  0x00000185ad2b0000 GCTaskThread "GC Thread#5" [stack: 0x0000005a76500000,0x0000005a76600000] [id=6756]
  0x00000185adfa5000 GCTaskThread "GC Thread#6" [stack: 0x0000005a76a00000,0x0000005a76b00000] [id=4056]
  0x00000185adfa6000 GCTaskThread "GC Thread#7" [stack: 0x0000005a76b00000,0x0000005a76c00000] [id=16024]
  0x0000018589765800 ConcurrentGCThread "G1 Main Marker" [stack: 0x0000005a75000000,0x0000005a75100000] [id=12292]
  0x0000018589767000 ConcurrentGCThread "G1 Conc#0" [stack: 0x0000005a75100000,0x0000005a75200000] [id=11848]
  0x00000185ad443000 ConcurrentGCThread "G1 Conc#1" [stack: 0x0000005a76c00000,0x0000005a76d00000] [id=11652]
  0x00000185abfb9800 ConcurrentGCThread "G1 Refine#0" [stack: 0x0000005a75200000,0x0000005a75300000] [id=20568]
  0x00000185abfba800 ConcurrentGCThread "G1 Young RemSet Sampling" [stack: 0x0000005a75300000,0x0000005a75400000] [id=2500]

Threads with active compile tasks:
C2 CompilerThread0   2429 2786   !   4       jdk.internal.loader.BuiltinClassLoader::loadClassOrNull (143 bytes)
C1 CompilerThread0   2429 3134   !   3       org.springframework.beans.factory.support.DefaultListableBeanFactory::doGetBeanNamesForType (511 bytes)
C2 CompilerThread1   2429 3083       4       org.springframework.beans.factory.support.AbstractBeanFactory::isTypeMatch (607 bytes)
C2 CompilerThread2   2429 3126       4       jdk.internal.org.objectweb.asm.Type::getArgumentsAndReturnSizes (151 bytes)

VM state:not at safepoint (normal execution)

VM Mutex/Monitor currently owned by a thread: None

Heap address: 0x0000000705000000, size: 4016 MB, Compressed Oops mode: Zero based, Oop shift amount: 3
Narrow klass base: 0x0000000800000000, Narrow klass shift: 0
Compressed class space size: 1073741824 Address: 0x0000000800000000

Heap:
 garbage-first heap   total 258048K, used 56067K [0x0000000705000000, 0x0000000800000000)
  region size 1024K, 53 young (54272K), 8 survivors (8192K)
 Metaspace       used 30077K, capacity 30896K, committed 30976K, reserved 1077248K
  class space    used 3450K, capacity 3772K, committed 3840K, reserved 1048576K
Heap Regions: E=young(eden), S=young(survivor), O=old, HS=humongous(starts), HC=humongous(continues), CS=collection set, F=free, A=archive, TAMS=top-at-mark-start (previous, next)
|   0|0x0000000705000000, 0x0000000705100000, 0x0000000705100000|100%|HS|  |TAMS 0x0000000705100000, 0x0000000705000000| Complete 
|   1|0x0000000705100000, 0x0000000705200000, 0x0000000705200000|100%| O|  |TAMS 0x0000000705200000, 0x0000000705100000| Untracked 
|   2|0x0000000705200000, 0x0000000705300000, 0x0000000705300000|100%| O|  |TAMS 0x0000000705300000, 0x0000000705200000| Untracked 
|   3|0x0000000705300000, 0x000000070534f400, 0x0000000705400000| 30%| O|  |TAMS 0x000000070534f400, 0x0000000705300000| Untracked 
|   4|0x0000000705400000, 0x0000000705400000, 0x0000000705500000|  0%| F|  |TAMS 0x0000000705400000, 0x0000000705400000| Untracked 
|   5|0x0000000705500000, 0x0000000705500000, 0x0000000705600000|  0%| F|  |TAMS 0x0000000705500000, 0x0000000705500000| Untracked 
|   6|0x0000000705600000, 0x0000000705600000, 0x0000000705700000|  0%| F|  |TAMS 0x0000000705600000, 0x0000000705600000| Untracked 
|   7|0x0000000705700000, 0x0000000705700000, 0x0000000705800000|  0%| F|  |TAMS 0x0000000705700000, 0x0000000705700000| Untracked 
|   8|0x0000000705800000, 0x0000000705800000, 0x0000000705900000|  0%| F|  |TAMS 0x0000000705800000, 0x0000000705800000| Untracked 
|   9|0x0000000705900000, 0x0000000705900000, 0x0000000705a00000|  0%| F|  |TAMS 0x0000000705900000, 0x0000000705900000| Untracked 
|  10|0x0000000705a00000, 0x0000000705a00000, 0x0000000705b00000|  0%| F|  |TAMS 0x0000000705a00000, 0x0000000705a00000| Untracked 
|  11|0x0000000705b00000, 0x0000000705b00000, 0x0000000705c00000|  0%| F|  |TAMS 0x0000000705b00000, 0x0000000705b00000| Untracked 
|  12|0x0000000705c00000, 0x0000000705c00000, 0x0000000705d00000|  0%| F|  |TAMS 0x0000000705c00000, 0x0000000705c00000| Untracked 
|  13|0x0000000705d00000, 0x0000000705d00000, 0x0000000705e00000|  0%| F|  |TAMS 0x0000000705d00000, 0x0000000705d00000| Untracked 
|  14|0x0000000705e00000, 0x0000000705e00000, 0x0000000705f00000|  0%| F|  |TAMS 0x0000000705e00000, 0x0000000705e00000| Untracked 
|  15|0x0000000705f00000, 0x0000000705f00000, 0x0000000706000000|  0%| F|  |TAMS 0x0000000705f00000, 0x0000000705f00000| Untracked 
|  16|0x0000000706000000, 0x0000000706000000, 0x0000000706100000|  0%| F|  |TAMS 0x0000000706000000, 0x0000000706000000| Untracked 
|  17|0x0000000706100000, 0x0000000706100000, 0x0000000706200000|  0%| F|  |TAMS 0x0000000706100000, 0x0000000706100000| Untracked 
|  18|0x0000000706200000, 0x0000000706200000, 0x0000000706300000|  0%| F|  |TAMS 0x0000000706200000, 0x0000000706200000| Untracked 
|  19|0x0000000706300000, 0x0000000706300000, 0x0000000706400000|  0%| F|  |TAMS 0x0000000706300000, 0x0000000706300000| Untracked 
|  20|0x0000000706400000, 0x0000000706400000, 0x0000000706500000|  0%| F|  |TAMS 0x0000000706400000, 0x0000000706400000| Untracked 
|  21|0x0000000706500000, 0x0000000706500000, 0x0000000706600000|  0%| F|  |TAMS 0x0000000706500000, 0x0000000706500000| Untracked 
|  22|0x0000000706600000, 0x0000000706600000, 0x0000000706700000|  0%| F|  |TAMS 0x0000000706600000, 0x0000000706600000| Untracked 
|  23|0x0000000706700000, 0x0000000706700000, 0x0000000706800000|  0%| F|  |TAMS 0x0000000706700000, 0x0000000706700000| Untracked 
|  24|0x0000000706800000, 0x0000000706800000, 0x0000000706900000|  0%| F|  |TAMS 0x0000000706800000, 0x0000000706800000| Untracked 
|  25|0x0000000706900000, 0x0000000706900000, 0x0000000706a00000|  0%| F|  |TAMS 0x0000000706900000, 0x0000000706900000| Untracked 
|  26|0x0000000706a00000, 0x0000000706a00000, 0x0000000706b00000|  0%| F|  |TAMS 0x0000000706a00000, 0x0000000706a00000| Untracked 
|  27|0x0000000706b00000, 0x0000000706b00000, 0x0000000706c00000|  0%| F|  |TAMS 0x0000000706b00000, 0x0000000706b00000| Untracked 
|  28|0x0000000706c00000, 0x0000000706c00000, 0x0000000706d00000|  0%| F|  |TAMS 0x0000000706c00000, 0x0000000706c00000| Untracked 
|  29|0x0000000706d00000, 0x0000000706d00000, 0x0000000706e00000|  0%| F|  |TAMS 0x0000000706d00000, 0x0000000706d00000| Untracked 
|  30|0x0000000706e00000, 0x0000000706e00000, 0x0000000706f00000|  0%| F|  |TAMS 0x0000000706e00000, 0x0000000706e00000| Untracked 
|  31|0x0000000706f00000, 0x0000000706f00000, 0x0000000707000000|  0%| F|  |TAMS 0x0000000706f00000, 0x0000000706f00000| Untracked 
|  32|0x0000000707000000, 0x0000000707000000, 0x0000000707100000|  0%| F|  |TAMS 0x0000000707000000, 0x0000000707000000| Untracked 
|  33|0x0000000707100000, 0x0000000707100000, 0x0000000707200000|  0%| F|  |TAMS 0x0000000707100000, 0x0000000707100000| Untracked 
|  34|0x0000000707200000, 0x0000000707200000, 0x0000000707300000|  0%| F|  |TAMS 0x0000000707200000, 0x0000000707200000| Untracked 
|  35|0x0000000707300000, 0x0000000707300000, 0x0000000707400000|  0%| F|  |TAMS 0x0000000707300000, 0x0000000707300000| Untracked 
|  36|0x0000000707400000, 0x0000000707400000, 0x0000000707500000|  0%| F|  |TAMS 0x0000000707400000, 0x0000000707400000| Untracked 
|  37|0x0000000707500000, 0x0000000707500000, 0x0000000707600000|  0%| F|  |TAMS 0x0000000707500000, 0x0000000707500000| Untracked 
|  38|0x0000000707600000, 0x0000000707600000, 0x0000000707700000|  0%| F|  |TAMS 0x0000000707600000, 0x0000000707600000| Untracked 
|  39|0x0000000707700000, 0x0000000707700000, 0x0000000707800000|  0%| F|  |TAMS 0x0000000707700000, 0x0000000707700000| Untracked 
|  40|0x0000000707800000, 0x0000000707800000, 0x0000000707900000|  0%| F|  |TAMS 0x0000000707800000, 0x0000000707800000| Untracked 
|  41|0x0000000707900000, 0x0000000707900000, 0x0000000707a00000|  0%| F|  |TAMS 0x0000000707900000, 0x0000000707900000| Untracked 
|  42|0x0000000707a00000, 0x0000000707a00000, 0x0000000707b00000|  0%| F|  |TAMS 0x0000000707a00000, 0x0000000707a00000| Untracked 
|  43|0x0000000707b00000, 0x0000000707b00000, 0x0000000707c00000|  0%| F|  |TAMS 0x0000000707b00000, 0x0000000707b00000| Untracked 
|  44|0x0000000707c00000, 0x0000000707c00000, 0x0000000707d00000|  0%| F|  |TAMS 0x0000000707c00000, 0x0000000707c00000| Untracked 
|  45|0x0000000707d00000, 0x0000000707d00000, 0x0000000707e00000|  0%| F|  |TAMS 0x0000000707d00000, 0x0000000707d00000| Untracked 
|  46|0x0000000707e00000, 0x0000000707e00000, 0x0000000707f00000|  0%| F|  |TAMS 0x0000000707e00000, 0x0000000707e00000| Untracked 
|  47|0x0000000707f00000, 0x0000000707f00000, 0x0000000708000000|  0%| F|  |TAMS 0x0000000707f00000, 0x0000000707f00000| Untracked 
|  48|0x0000000708000000, 0x0000000708000000, 0x0000000708100000|  0%| F|  |TAMS 0x0000000708000000, 0x0000000708000000| Untracked 
|  49|0x0000000708100000, 0x0000000708100000, 0x0000000708200000|  0%| F|  |TAMS 0x0000000708100000, 0x0000000708100000| Untracked 
|  50|0x0000000708200000, 0x0000000708200000, 0x0000000708300000|  0%| F|  |TAMS 0x0000000708200000, 0x0000000708200000| Untracked 
|  51|0x0000000708300000, 0x0000000708300000, 0x0000000708400000|  0%| F|  |TAMS 0x0000000708300000, 0x0000000708300000| Untracked 
|  52|0x0000000708400000, 0x0000000708400000, 0x0000000708500000|  0%| F|  |TAMS 0x0000000708400000, 0x0000000708400000| Untracked 
|  53|0x0000000708500000, 0x0000000708500000, 0x0000000708600000|  0%| F|  |TAMS 0x0000000708500000, 0x0000000708500000| Untracked 
|  54|0x0000000708600000, 0x0000000708600000, 0x0000000708700000|  0%| F|  |TAMS 0x0000000708600000, 0x0000000708600000| Untracked 
|  55|0x0000000708700000, 0x0000000708700000, 0x0000000708800000|  0%| F|  |TAMS 0x0000000708700000, 0x0000000708700000| Untracked 
|  56|0x0000000708800000, 0x0000000708800000, 0x0000000708900000|  0%| F|  |TAMS 0x0000000708800000, 0x0000000708800000| Untracked 
|  57|0x0000000708900000, 0x0000000708900000, 0x0000000708a00000|  0%| F|  |TAMS 0x0000000708900000, 0x0000000708900000| Untracked 
|  58|0x0000000708a00000, 0x0000000708a00000, 0x0000000708b00000|  0%| F|  |TAMS 0x0000000708a00000, 0x0000000708a00000| Untracked 
|  59|0x0000000708b00000, 0x0000000708b00000, 0x0000000708c00000|  0%| F|  |TAMS 0x0000000708b00000, 0x0000000708b00000| Untracked 
|  60|0x0000000708c00000, 0x0000000708c00000, 0x0000000708d00000|  0%| F|  |TAMS 0x0000000708c00000, 0x0000000708c00000| Untracked 
|  61|0x0000000708d00000, 0x0000000708d00000, 0x0000000708e00000|  0%| F|  |TAMS 0x0000000708d00000, 0x0000000708d00000| Untracked 
|  62|0x0000000708e00000, 0x0000000708e00000, 0x0000000708f00000|  0%| F|  |TAMS 0x0000000708e00000, 0x0000000708e00000| Untracked 
|  63|0x0000000708f00000, 0x0000000708f00000, 0x0000000709000000|  0%| F|  |TAMS 0x0000000708f00000, 0x0000000708f00000| Untracked 
|  64|0x0000000709000000, 0x0000000709000000, 0x0000000709100000|  0%| F|  |TAMS 0x0000000709000000, 0x0000000709000000| Untracked 
|  65|0x0000000709100000, 0x0000000709100000, 0x0000000709200000|  0%| F|  |TAMS 0x0000000709100000, 0x0000000709100000| Untracked 
|  66|0x0000000709200000, 0x0000000709200000, 0x0000000709300000|  0%| F|  |TAMS 0x0000000709200000, 0x0000000709200000| Untracked 
|  67|0x0000000709300000, 0x0000000709300000, 0x0000000709400000|  0%| F|  |TAMS 0x0000000709300000, 0x0000000709300000| Untracked 
|  68|0x0000000709400000, 0x0000000709400000, 0x0000000709500000|  0%| F|  |TAMS 0x0000000709400000, 0x0000000709400000| Untracked 
|  69|0x0000000709500000, 0x0000000709500000, 0x0000000709600000|  0%| F|  |TAMS 0x0000000709500000, 0x0000000709500000| Untracked 
|  70|0x0000000709600000, 0x0000000709600000, 0x0000000709700000|  0%| F|  |TAMS 0x0000000709600000, 0x0000000709600000| Untracked 
|  71|0x0000000709700000, 0x0000000709700000, 0x0000000709800000|  0%| F|  |TAMS 0x0000000709700000, 0x0000000709700000| Untracked 
|  72|0x0000000709800000, 0x0000000709800000, 0x0000000709900000|  0%| F|  |TAMS 0x0000000709800000, 0x0000000709800000| Untracked 
|  73|0x0000000709900000, 0x0000000709900000, 0x0000000709a00000|  0%| F|  |TAMS 0x0000000709900000, 0x0000000709900000| Untracked 
|  74|0x0000000709a00000, 0x0000000709a00000, 0x0000000709b00000|  0%| F|  |TAMS 0x0000000709a00000, 0x0000000709a00000| Untracked 
|  75|0x0000000709b00000, 0x0000000709b00000, 0x0000000709c00000|  0%| F|  |TAMS 0x0000000709b00000, 0x0000000709b00000| Untracked 
|  76|0x0000000709c00000, 0x0000000709c00000, 0x0000000709d00000|  0%| F|  |TAMS 0x0000000709c00000, 0x0000000709c00000| Untracked 
|  77|0x0000000709d00000, 0x0000000709d00000, 0x0000000709e00000|  0%| F|  |TAMS 0x0000000709d00000, 0x0000000709d00000| Untracked 
|  78|0x0000000709e00000, 0x0000000709e00000, 0x0000000709f00000|  0%| F|  |TAMS 0x0000000709e00000, 0x0000000709e00000| Untracked 
|  79|0x0000000709f00000, 0x0000000709f00000, 0x000000070a000000|  0%| F|  |TAMS 0x0000000709f00000, 0x0000000709f00000| Untracked 
|  80|0x000000070a000000, 0x000000070a000000, 0x000000070a100000|  0%| F|  |TAMS 0x000000070a000000, 0x000000070a000000| Untracked 
|  81|0x000000070a100000, 0x000000070a100000, 0x000000070a200000|  0%| F|  |TAMS 0x000000070a100000, 0x000000070a100000| Untracked 
|  82|0x000000070a200000, 0x000000070a200000, 0x000000070a300000|  0%| F|  |TAMS 0x000000070a200000, 0x000000070a200000| Untracked 
|  83|0x000000070a300000, 0x000000070a300000, 0x000000070a400000|  0%| F|  |TAMS 0x000000070a300000, 0x000000070a300000| Untracked 
|  84|0x000000070a400000, 0x000000070a400000, 0x000000070a500000|  0%| F|  |TAMS 0x000000070a400000, 0x000000070a400000| Untracked 
|  85|0x000000070a500000, 0x000000070a500000, 0x000000070a600000|  0%| F|  |TAMS 0x000000070a500000, 0x000000070a500000| Untracked 
|  86|0x000000070a600000, 0x000000070a600000, 0x000000070a700000|  0%| F|  |TAMS 0x000000070a600000, 0x000000070a600000| Untracked 
|  87|0x000000070a700000, 0x000000070a700000, 0x000000070a800000|  0%| F|  |TAMS 0x000000070a700000, 0x000000070a700000| Untracked 
|  88|0x000000070a800000, 0x000000070a800000, 0x000000070a900000|  0%| F|  |TAMS 0x000000070a800000, 0x000000070a800000| Untracked 
|  89|0x000000070a900000, 0x000000070a900000, 0x000000070aa00000|  0%| F|  |TAMS 0x000000070a900000, 0x000000070a900000| Untracked 
|  90|0x000000070aa00000, 0x000000070aa00000, 0x000000070ab00000|  0%| F|  |TAMS 0x000000070aa00000, 0x000000070aa00000| Untracked 
|  91|0x000000070ab00000, 0x000000070ab00000, 0x000000070ac00000|  0%| F|  |TAMS 0x000000070ab00000, 0x000000070ab00000| Untracked 
|  92|0x000000070ac00000, 0x000000070ac00000, 0x000000070ad00000|  0%| F|  |TAMS 0x000000070ac00000, 0x000000070ac00000| Untracked 
|  93|0x000000070ad00000, 0x000000070ad00000, 0x000000070ae00000|  0%| F|  |TAMS 0x000000070ad00000, 0x000000070ad00000| Untracked 
|  94|0x000000070ae00000, 0x000000070ae00000, 0x000000070af00000|  0%| F|  |TAMS 0x000000070ae00000, 0x000000070ae00000| Untracked 
|  95|0x000000070af00000, 0x000000070af00000, 0x000000070b000000|  0%| F|  |TAMS 0x000000070af00000, 0x000000070af00000| Untracked 
|  96|0x000000070b000000, 0x000000070b000000, 0x000000070b100000|  0%| F|  |TAMS 0x000000070b000000, 0x000000070b000000| Untracked 
|  97|0x000000070b100000, 0x000000070b100000, 0x000000070b200000|  0%| F|  |TAMS 0x000000070b100000, 0x000000070b100000| Untracked 
|  98|0x000000070b200000, 0x000000070b200000, 0x000000070b300000|  0%| F|  |TAMS 0x000000070b200000, 0x000000070b200000| Untracked 
|  99|0x000000070b300000, 0x000000070b300000, 0x000000070b400000|  0%| F|  |TAMS 0x000000070b300000, 0x000000070b300000| Untracked 
| 100|0x000000070b400000, 0x000000070b400000, 0x000000070b500000|  0%| F|  |TAMS 0x000000070b400000, 0x000000070b400000| Untracked 
| 101|0x000000070b500000, 0x000000070b500000, 0x000000070b600000|  0%| F|  |TAMS 0x000000070b500000, 0x000000070b500000| Untracked 
| 102|0x000000070b600000, 0x000000070b600000, 0x000000070b700000|  0%| F|  |TAMS 0x000000070b600000, 0x000000070b600000| Untracked 
| 103|0x000000070b700000, 0x000000070b700000, 0x000000070b800000|  0%| F|  |TAMS 0x000000070b700000, 0x000000070b700000| Untracked 
| 104|0x000000070b800000, 0x000000070b800000, 0x000000070b900000|  0%| F|  |TAMS 0x000000070b800000, 0x000000070b800000| Untracked 
| 105|0x000000070b900000, 0x000000070b900000, 0x000000070ba00000|  0%| F|  |TAMS 0x000000070b900000, 0x000000070b900000| Untracked 
| 106|0x000000070ba00000, 0x000000070ba00000, 0x000000070bb00000|  0%| F|  |TAMS 0x000000070ba00000, 0x000000070ba00000| Untracked 
| 107|0x000000070bb00000, 0x000000070bb00000, 0x000000070bc00000|  0%| F|  |TAMS 0x000000070bb00000, 0x000000070bb00000| Untracked 
| 108|0x000000070bc00000, 0x000000070bc00000, 0x000000070bd00000|  0%| F|  |TAMS 0x000000070bc00000, 0x000000070bc00000| Untracked 
| 109|0x000000070bd00000, 0x000000070bd00000, 0x000000070be00000|  0%| F|  |TAMS 0x000000070bd00000, 0x000000070bd00000| Untracked 
| 110|0x000000070be00000, 0x000000070be00000, 0x000000070bf00000|  0%| F|  |TAMS 0x000000070be00000, 0x000000070be00000| Untracked 
| 111|0x000000070bf00000, 0x000000070bf00000, 0x000000070c000000|  0%| F|  |TAMS 0x000000070bf00000, 0x000000070bf00000| Untracked 
| 112|0x000000070c000000, 0x000000070c000000, 0x000000070c100000|  0%| F|  |TAMS 0x000000070c000000, 0x000000070c000000| Untracked 
| 113|0x000000070c100000, 0x000000070c100000, 0x000000070c200000|  0%| F|  |TAMS 0x000000070c100000, 0x000000070c100000| Untracked 
| 114|0x000000070c200000, 0x000000070c200000, 0x000000070c300000|  0%| F|  |TAMS 0x000000070c200000, 0x000000070c200000| Untracked 
| 115|0x000000070c300000, 0x000000070c300000, 0x000000070c400000|  0%| F|  |TAMS 0x000000070c300000, 0x000000070c300000| Untracked 
| 116|0x000000070c400000, 0x000000070c400000, 0x000000070c500000|  0%| F|  |TAMS 0x000000070c400000, 0x000000070c400000| Untracked 
| 117|0x000000070c500000, 0x000000070c500000, 0x000000070c600000|  0%| F|  |TAMS 0x000000070c500000, 0x000000070c500000| Untracked 
| 118|0x000000070c600000, 0x000000070c600000, 0x000000070c700000|  0%| F|  |TAMS 0x000000070c600000, 0x000000070c600000| Untracked 
| 119|0x000000070c700000, 0x000000070c700000, 0x000000070c800000|  0%| F|  |TAMS 0x000000070c700000, 0x000000070c700000| Untracked 
| 120|0x000000070c800000, 0x000000070c800000, 0x000000070c900000|  0%| F|  |TAMS 0x000000070c800000, 0x000000070c800000| Untracked 
| 121|0x000000070c900000, 0x000000070c900000, 0x000000070ca00000|  0%| F|  |TAMS 0x000000070c900000, 0x000000070c900000| Untracked 
| 122|0x000000070ca00000, 0x000000070ca00000, 0x000000070cb00000|  0%| F|  |TAMS 0x000000070ca00000, 0x000000070ca00000| Untracked 
| 123|0x000000070cb00000, 0x000000070cb00000, 0x000000070cc00000|  0%| F|  |TAMS 0x000000070cb00000, 0x000000070cb00000| Untracked 
| 124|0x000000070cc00000, 0x000000070cc00000, 0x000000070cd00000|  0%| F|  |TAMS 0x000000070cc00000, 0x000000070cc00000| Untracked 
| 125|0x000000070cd00000, 0x000000070cd00000, 0x000000070ce00000|  0%| F|  |TAMS 0x000000070cd00000, 0x000000070cd00000| Untracked 
| 126|0x000000070ce00000, 0x000000070ce00000, 0x000000070cf00000|  0%| F|  |TAMS 0x000000070ce00000, 0x000000070ce00000| Untracked 
| 127|0x000000070cf00000, 0x000000070cf00000, 0x000000070d000000|  0%| F|  |TAMS 0x000000070cf00000, 0x000000070cf00000| Untracked 
| 128|0x000000070d000000, 0x000000070d000000, 0x000000070d100000|  0%| F|  |TAMS 0x000000070d000000, 0x000000070d000000| Untracked 
| 129|0x000000070d100000, 0x000000070d100000, 0x000000070d200000|  0%| F|  |TAMS 0x000000070d100000, 0x000000070d100000| Untracked 
| 130|0x000000070d200000, 0x000000070d200000, 0x000000070d300000|  0%| F|  |TAMS 0x000000070d200000, 0x000000070d200000| Untracked 
| 131|0x000000070d300000, 0x000000070d300000, 0x000000070d400000|  0%| F|  |TAMS 0x000000070d300000, 0x000000070d300000| Untracked 
| 132|0x000000070d400000, 0x000000070d400000, 0x000000070d500000|  0%| F|  |TAMS 0x000000070d400000, 0x000000070d400000| Untracked 
| 133|0x000000070d500000, 0x000000070d500000, 0x000000070d600000|  0%| F|  |TAMS 0x000000070d500000, 0x000000070d500000| Untracked 
| 134|0x000000070d600000, 0x000000070d600000, 0x000000070d700000|  0%| F|  |TAMS 0x000000070d600000, 0x000000070d600000| Untracked 
| 135|0x000000070d700000, 0x000000070d700000, 0x000000070d800000|  0%| F|  |TAMS 0x000000070d700000, 0x000000070d700000| Untracked 
| 136|0x000000070d800000, 0x000000070d800000, 0x000000070d900000|  0%| F|  |TAMS 0x000000070d800000, 0x000000070d800000| Untracked 
| 137|0x000000070d900000, 0x000000070d900000, 0x000000070da00000|  0%| F|  |TAMS 0x000000070d900000, 0x000000070d900000| Untracked 
| 138|0x000000070da00000, 0x000000070da00000, 0x000000070db00000|  0%| F|  |TAMS 0x000000070da00000, 0x000000070da00000| Untracked 
| 139|0x000000070db00000, 0x000000070db00000, 0x000000070dc00000|  0%| F|  |TAMS 0x000000070db00000, 0x000000070db00000| Untracked 
| 140|0x000000070dc00000, 0x000000070dc00000, 0x000000070dd00000|  0%| F|  |TAMS 0x000000070dc00000, 0x000000070dc00000| Untracked 
| 141|0x000000070dd00000, 0x000000070dd00000, 0x000000070de00000|  0%| F|  |TAMS 0x000000070dd00000, 0x000000070dd00000| Untracked 
| 142|0x000000070de00000, 0x000000070de00000, 0x000000070df00000|  0%| F|  |TAMS 0x000000070de00000, 0x000000070de00000| Untracked 
| 143|0x000000070df00000, 0x000000070df00000, 0x000000070e000000|  0%| F|  |TAMS 0x000000070df00000, 0x000000070df00000| Untracked 
| 144|0x000000070e000000, 0x000000070e000000, 0x000000070e100000|  0%| F|  |TAMS 0x000000070e000000, 0x000000070e000000| Untracked 
| 145|0x000000070e100000, 0x000000070e100000, 0x000000070e200000|  0%| F|  |TAMS 0x000000070e100000, 0x000000070e100000| Untracked 
| 146|0x000000070e200000, 0x000000070e200000, 0x000000070e300000|  0%| F|  |TAMS 0x000000070e200000, 0x000000070e200000| Untracked 
| 147|0x000000070e300000, 0x000000070e300000, 0x000000070e400000|  0%| F|  |TAMS 0x000000070e300000, 0x000000070e300000| Untracked 
| 148|0x000000070e400000, 0x000000070e471a70, 0x000000070e500000| 44%| S|CS|TAMS 0x000000070e400000, 0x000000070e400000| Complete 
| 149|0x000000070e500000, 0x000000070e600000, 0x000000070e600000|100%| S|CS|TAMS 0x000000070e500000, 0x000000070e500000| Complete 
| 150|0x000000070e600000, 0x000000070e700000, 0x000000070e700000|100%| S|CS|TAMS 0x000000070e600000, 0x000000070e600000| Complete 
| 151|0x000000070e700000, 0x000000070e800000, 0x000000070e800000|100%| S|CS|TAMS 0x000000070e700000, 0x000000070e700000| Complete 
| 152|0x000000070e800000, 0x000000070e900000, 0x000000070e900000|100%| S|CS|TAMS 0x000000070e800000, 0x000000070e800000| Complete 
| 153|0x000000070e900000, 0x000000070e900000, 0x000000070ea00000|  0%| F|  |TAMS 0x000000070e900000, 0x000000070e900000| Untracked 
| 154|0x000000070ea00000, 0x000000070ea00000, 0x000000070eb00000|  0%| F|  |TAMS 0x000000070ea00000, 0x000000070ea00000| Untracked 
| 155|0x000000070eb00000, 0x000000070eb00000, 0x000000070ec00000|  0%| F|  |TAMS 0x000000070eb00000, 0x000000070eb00000| Untracked 
| 156|0x000000070ec00000, 0x000000070ec00000, 0x000000070ed00000|  0%| F|  |TAMS 0x000000070ec00000, 0x000000070ec00000| Untracked 
| 157|0x000000070ed00000, 0x000000070ed00000, 0x000000070ee00000|  0%| F|  |TAMS 0x000000070ed00000, 0x000000070ed00000| Untracked 
| 158|0x000000070ee00000, 0x000000070ee00000, 0x000000070ef00000|  0%| F|  |TAMS 0x000000070ee00000, 0x000000070ee00000| Untracked 
| 159|0x000000070ef00000, 0x000000070f000000, 0x000000070f000000|100%| S|CS|TAMS 0x000000070ef00000, 0x000000070ef00000| Complete 
| 160|0x000000070f000000, 0x000000070f100000, 0x000000070f100000|100%| S|CS|TAMS 0x000000070f000000, 0x000000070f000000| Complete 
| 161|0x000000070f100000, 0x000000070f200000, 0x000000070f200000|100%| S|CS|TAMS 0x000000070f100000, 0x000000070f100000| Complete 
| 162|0x000000070f200000, 0x000000070f200000, 0x000000070f300000|  0%| F|  |TAMS 0x000000070f200000, 0x000000070f200000| Untracked 
| 163|0x000000070f300000, 0x000000070f300000, 0x000000070f400000|  0%| F|  |TAMS 0x000000070f300000, 0x000000070f300000| Untracked 
| 164|0x000000070f400000, 0x000000070f400000, 0x000000070f500000|  0%| F|  |TAMS 0x000000070f400000, 0x000000070f400000| Untracked 
| 165|0x000000070f500000, 0x000000070f500000, 0x000000070f600000|  0%| F|  |TAMS 0x000000070f500000, 0x000000070f500000| Untracked 
| 166|0x000000070f600000, 0x000000070f600000, 0x000000070f700000|  0%| F|  |TAMS 0x000000070f600000, 0x000000070f600000| Untracked 
| 167|0x000000070f700000, 0x000000070f700000, 0x000000070f800000|  0%| F|  |TAMS 0x000000070f700000, 0x000000070f700000| Untracked 
| 168|0x000000070f800000, 0x000000070f800000, 0x000000070f900000|  0%| F|  |TAMS 0x000000070f800000, 0x000000070f800000| Untracked 
| 169|0x000000070f900000, 0x000000070f900000, 0x000000070fa00000|  0%| F|  |TAMS 0x000000070f900000, 0x000000070f900000| Untracked 
| 170|0x000000070fa00000, 0x000000070fa00000, 0x000000070fb00000|  0%| F|  |TAMS 0x000000070fa00000, 0x000000070fa00000| Untracked 
| 171|0x000000070fb00000, 0x000000070fb00000, 0x000000070fc00000|  0%| F|  |TAMS 0x000000070fb00000, 0x000000070fb00000| Untracked 
| 172|0x000000070fc00000, 0x000000070fc00000, 0x000000070fd00000|  0%| F|  |TAMS 0x000000070fc00000, 0x000000070fc00000| Untracked 
| 173|0x000000070fd00000, 0x000000070fd00000, 0x000000070fe00000|  0%| F|  |TAMS 0x000000070fd00000, 0x000000070fd00000| Untracked 
| 174|0x000000070fe00000, 0x000000070fe00000, 0x000000070ff00000|  0%| F|  |TAMS 0x000000070fe00000, 0x000000070fe00000| Untracked 
| 175|0x000000070ff00000, 0x000000070ff00000, 0x0000000710000000|  0%| F|  |TAMS 0x000000070ff00000, 0x000000070ff00000| Untracked 
| 176|0x0000000710000000, 0x0000000710000000, 0x0000000710100000|  0%| F|  |TAMS 0x0000000710000000, 0x0000000710000000| Untracked 
| 177|0x0000000710100000, 0x0000000710100000, 0x0000000710200000|  0%| F|  |TAMS 0x0000000710100000, 0x0000000710100000| Untracked 
| 178|0x0000000710200000, 0x0000000710200000, 0x0000000710300000|  0%| F|  |TAMS 0x0000000710200000, 0x0000000710200000| Untracked 
| 179|0x0000000710300000, 0x0000000710300000, 0x0000000710400000|  0%| F|  |TAMS 0x0000000710300000, 0x0000000710300000| Untracked 
| 180|0x0000000710400000, 0x0000000710400000, 0x0000000710500000|  0%| F|  |TAMS 0x0000000710400000, 0x0000000710400000| Untracked 
| 181|0x0000000710500000, 0x0000000710500000, 0x0000000710600000|  0%| F|  |TAMS 0x0000000710500000, 0x0000000710500000| Untracked 
| 182|0x0000000710600000, 0x0000000710600000, 0x0000000710700000|  0%| F|  |TAMS 0x0000000710600000, 0x0000000710600000| Untracked 
| 183|0x0000000710700000, 0x0000000710700000, 0x0000000710800000|  0%| F|  |TAMS 0x0000000710700000, 0x0000000710700000| Untracked 
| 184|0x0000000710800000, 0x0000000710800000, 0x0000000710900000|  0%| F|  |TAMS 0x0000000710800000, 0x0000000710800000| Untracked 
| 185|0x0000000710900000, 0x0000000710900000, 0x0000000710a00000|  0%| F|  |TAMS 0x0000000710900000, 0x0000000710900000| Untracked 
| 186|0x0000000710a00000, 0x0000000710a00000, 0x0000000710b00000|  0%| F|  |TAMS 0x0000000710a00000, 0x0000000710a00000| Untracked 
| 187|0x0000000710b00000, 0x0000000710b00000, 0x0000000710c00000|  0%| F|  |TAMS 0x0000000710b00000, 0x0000000710b00000| Untracked 
| 188|0x0000000710c00000, 0x0000000710c00000, 0x0000000710d00000|  0%| F|  |TAMS 0x0000000710c00000, 0x0000000710c00000| Untracked 
| 189|0x0000000710d00000, 0x0000000710d00000, 0x0000000710e00000|  0%| F|  |TAMS 0x0000000710d00000, 0x0000000710d00000| Untracked 
| 190|0x0000000710e00000, 0x0000000710e00000, 0x0000000710f00000|  0%| F|  |TAMS 0x0000000710e00000, 0x0000000710e00000| Untracked 
| 191|0x0000000710f00000, 0x0000000710f00000, 0x0000000711000000|  0%| F|  |TAMS 0x0000000710f00000, 0x0000000710f00000| Untracked 
| 192|0x0000000711000000, 0x0000000711000000, 0x0000000711100000|  0%| F|  |TAMS 0x0000000711000000, 0x0000000711000000| Untracked 
| 193|0x0000000711100000, 0x0000000711100000, 0x0000000711200000|  0%| F|  |TAMS 0x0000000711100000, 0x0000000711100000| Untracked 
| 194|0x0000000711200000, 0x0000000711200000, 0x0000000711300000|  0%| F|  |TAMS 0x0000000711200000, 0x0000000711200000| Untracked 
| 195|0x0000000711300000, 0x0000000711300000, 0x0000000711400000|  0%| F|  |TAMS 0x0000000711300000, 0x0000000711300000| Untracked 
| 196|0x0000000711400000, 0x0000000711400000, 0x0000000711500000|  0%| F|  |TAMS 0x0000000711400000, 0x0000000711400000| Untracked 
| 197|0x0000000711500000, 0x0000000711500000, 0x0000000711600000|  0%| F|  |TAMS 0x0000000711500000, 0x0000000711500000| Untracked 
| 198|0x0000000711600000, 0x0000000711600000, 0x0000000711700000|  0%| F|  |TAMS 0x0000000711600000, 0x0000000711600000| Untracked 
| 199|0x0000000711700000, 0x0000000711700000, 0x0000000711800000|  0%| F|  |TAMS 0x0000000711700000, 0x0000000711700000| Untracked 
| 200|0x0000000711800000, 0x0000000711800000, 0x0000000711900000|  0%| F|  |TAMS 0x0000000711800000, 0x0000000711800000| Untracked 
| 201|0x0000000711900000, 0x0000000711900000, 0x0000000711a00000|  0%| F|  |TAMS 0x0000000711900000, 0x0000000711900000| Untracked 
| 202|0x0000000711a00000, 0x0000000711a00000, 0x0000000711b00000|  0%| F|  |TAMS 0x0000000711a00000, 0x0000000711a00000| Untracked 
| 203|0x0000000711b00000, 0x0000000711b00000, 0x0000000711c00000|  0%| F|  |TAMS 0x0000000711b00000, 0x0000000711b00000| Untracked 
| 204|0x0000000711c00000, 0x0000000711c00000, 0x0000000711d00000|  0%| F|  |TAMS 0x0000000711c00000, 0x0000000711c00000| Untracked 
| 205|0x0000000711d00000, 0x0000000711d00000, 0x0000000711e00000|  0%| F|  |TAMS 0x0000000711d00000, 0x0000000711d00000| Untracked 
| 206|0x0000000711e00000, 0x0000000711e80800, 0x0000000711f00000| 50%| E|  |TAMS 0x0000000711e00000, 0x0000000711e00000| Complete 
| 207|0x0000000711f00000, 0x0000000712000000, 0x0000000712000000|100%| E|CS|TAMS 0x0000000711f00000, 0x0000000711f00000| Complete 
| 208|0x0000000712000000, 0x0000000712100000, 0x0000000712100000|100%| E|CS|TAMS 0x0000000712000000, 0x0000000712000000| Complete 
| 209|0x0000000712100000, 0x0000000712200000, 0x0000000712200000|100%| E|CS|TAMS 0x0000000712100000, 0x0000000712100000| Complete 
| 210|0x0000000712200000, 0x0000000712300000, 0x0000000712300000|100%| E|CS|TAMS 0x0000000712200000, 0x0000000712200000| Complete 
| 211|0x0000000712300000, 0x0000000712400000, 0x0000000712400000|100%| E|CS|TAMS 0x0000000712300000, 0x0000000712300000| Complete 
| 212|0x0000000712400000, 0x0000000712500000, 0x0000000712500000|100%| E|CS|TAMS 0x0000000712400000, 0x0000000712400000| Complete 
| 213|0x0000000712500000, 0x0000000712600000, 0x0000000712600000|100%| E|CS|TAMS 0x0000000712500000, 0x0000000712500000| Complete 
| 214|0x0000000712600000, 0x0000000712700000, 0x0000000712700000|100%| E|CS|TAMS 0x0000000712600000, 0x0000000712600000| Complete 
| 215|0x0000000712700000, 0x0000000712800000, 0x0000000712800000|100%| E|CS|TAMS 0x0000000712700000, 0x0000000712700000| Complete 
| 216|0x0000000712800000, 0x0000000712900000, 0x0000000712900000|100%| E|CS|TAMS 0x0000000712800000, 0x0000000712800000| Complete 
| 217|0x0000000712900000, 0x0000000712a00000, 0x0000000712a00000|100%| E|CS|TAMS 0x0000000712900000, 0x0000000712900000| Complete 
| 218|0x0000000712a00000, 0x0000000712b00000, 0x0000000712b00000|100%| E|CS|TAMS 0x0000000712a00000, 0x0000000712a00000| Complete 
| 219|0x0000000712b00000, 0x0000000712c00000, 0x0000000712c00000|100%| E|CS|TAMS 0x0000000712b00000, 0x0000000712b00000| Complete 
| 220|0x0000000712c00000, 0x0000000712d00000, 0x0000000712d00000|100%| E|CS|TAMS 0x0000000712c00000, 0x0000000712c00000| Complete 
| 221|0x0000000712d00000, 0x0000000712e00000, 0x0000000712e00000|100%| E|CS|TAMS 0x0000000712d00000, 0x0000000712d00000| Complete 
| 222|0x0000000712e00000, 0x0000000712f00000, 0x0000000712f00000|100%| E|CS|TAMS 0x0000000712e00000, 0x0000000712e00000| Complete 
| 223|0x0000000712f00000, 0x0000000713000000, 0x0000000713000000|100%| E|CS|TAMS 0x0000000712f00000, 0x0000000712f00000| Complete 
| 224|0x0000000713000000, 0x0000000713100000, 0x0000000713100000|100%| E|CS|TAMS 0x0000000713000000, 0x0000000713000000| Complete 
| 225|0x0000000713100000, 0x0000000713200000, 0x0000000713200000|100%| E|CS|TAMS 0x0000000713100000, 0x0000000713100000| Complete 
| 226|0x0000000713200000, 0x0000000713300000, 0x0000000713300000|100%| E|CS|TAMS 0x0000000713200000, 0x0000000713200000| Complete 
| 227|0x0000000713300000, 0x0000000713400000, 0x0000000713400000|100%| E|CS|TAMS 0x0000000713300000, 0x0000000713300000| Complete 
| 228|0x0000000713400000, 0x0000000713500000, 0x0000000713500000|100%| E|CS|TAMS 0x0000000713400000, 0x0000000713400000| Complete 
| 229|0x0000000713500000, 0x0000000713600000, 0x0000000713600000|100%| E|CS|TAMS 0x0000000713500000, 0x0000000713500000| Complete 
| 230|0x0000000713600000, 0x0000000713700000, 0x0000000713700000|100%| E|CS|TAMS 0x0000000713600000, 0x0000000713600000| Complete 
| 231|0x0000000713700000, 0x0000000713800000, 0x0000000713800000|100%| E|CS|TAMS 0x0000000713700000, 0x0000000713700000| Complete 
| 232|0x0000000713800000, 0x0000000713900000, 0x0000000713900000|100%| E|CS|TAMS 0x0000000713800000, 0x0000000713800000| Complete 
| 233|0x0000000713900000, 0x0000000713a00000, 0x0000000713a00000|100%| E|CS|TAMS 0x0000000713900000, 0x0000000713900000| Complete 
| 234|0x0000000713a00000, 0x0000000713b00000, 0x0000000713b00000|100%| E|CS|TAMS 0x0000000713a00000, 0x0000000713a00000| Complete 
| 235|0x0000000713b00000, 0x0000000713c00000, 0x0000000713c00000|100%| E|CS|TAMS 0x0000000713b00000, 0x0000000713b00000| Complete 
| 236|0x0000000713c00000, 0x0000000713d00000, 0x0000000713d00000|100%| E|CS|TAMS 0x0000000713c00000, 0x0000000713c00000| Complete 
| 237|0x0000000713d00000, 0x0000000713e00000, 0x0000000713e00000|100%| E|CS|TAMS 0x0000000713d00000, 0x0000000713d00000| Complete 
| 238|0x0000000713e00000, 0x0000000713f00000, 0x0000000713f00000|100%| E|CS|TAMS 0x0000000713e00000, 0x0000000713e00000| Complete 
| 239|0x0000000713f00000, 0x0000000714000000, 0x0000000714000000|100%| E|CS|TAMS 0x0000000713f00000, 0x0000000713f00000| Complete 
| 240|0x0000000714000000, 0x0000000714100000, 0x0000000714100000|100%| E|CS|TAMS 0x0000000714000000, 0x0000000714000000| Complete 
| 241|0x0000000714100000, 0x0000000714200000, 0x0000000714200000|100%| E|CS|TAMS 0x0000000714100000, 0x0000000714100000| Complete 
| 242|0x0000000714200000, 0x0000000714300000, 0x0000000714300000|100%| E|CS|TAMS 0x0000000714200000, 0x0000000714200000| Complete 
| 243|0x0000000714300000, 0x0000000714400000, 0x0000000714400000|100%| E|CS|TAMS 0x0000000714300000, 0x0000000714300000| Complete 
| 244|0x0000000714400000, 0x0000000714500000, 0x0000000714500000|100%| E|CS|TAMS 0x0000000714400000, 0x0000000714400000| Complete 
| 245|0x0000000714500000, 0x0000000714600000, 0x0000000714600000|100%| E|CS|TAMS 0x0000000714500000, 0x0000000714500000| Complete 
| 246|0x0000000714600000, 0x0000000714700000, 0x0000000714700000|100%| E|CS|TAMS 0x0000000714600000, 0x0000000714600000| Complete 
| 247|0x0000000714700000, 0x0000000714800000, 0x0000000714800000|100%| E|CS|TAMS 0x0000000714700000, 0x0000000714700000| Complete 
| 248|0x0000000714800000, 0x0000000714900000, 0x0000000714900000|100%| E|CS|TAMS 0x0000000714800000, 0x0000000714800000| Complete 
| 249|0x0000000714900000, 0x0000000714a00000, 0x0000000714a00000|100%| E|CS|TAMS 0x0000000714900000, 0x0000000714900000| Complete 
| 250|0x0000000714a00000, 0x0000000714b00000, 0x0000000714b00000|100%| E|CS|TAMS 0x0000000714a00000, 0x0000000714a00000| Complete 
| 251|0x0000000714b00000, 0x0000000714c00000, 0x0000000714c00000|100%| E|CS|TAMS 0x0000000714b00000, 0x0000000714b00000| Complete 

Card table byte_map: [0x00000185a0830000,0x00000185a1010000] _byte_map_base: 0x000001859d008000

Marking Bits (Prev, Next): (CMBitMap*) 0x0000018589755360, (CMBitMap*) 0x0000018589755328
 Prev Bits: [0x00000185a56b0000, 0x00000185a9570000)
 Next Bits: [0x00000185a17f0000, 0x00000185a56b0000)

Polling page: 0x0000018587650000

Metaspace:

Usage:
  Non-class:     26.55 MB capacity,    26.07 MB ( 98%) used,   407.99 KB (  2%) free+waste,    90.25 KB ( <1%) overhead. 
      Class:      3.68 MB capacity,     3.38 MB ( 92%) used,   267.91 KB (  7%) free+waste,    44.50 KB (  1%) overhead. 
       Both:     30.24 MB capacity,    29.45 MB ( 97%) used,   675.90 KB (  2%) free+waste,   134.75 KB ( <1%) overhead. 

Virtual space:
  Non-class space:       28.00 MB reserved,      26.75 MB ( 96%) committed 
      Class space:        1.00 GB reserved,       3.75 MB ( <1%) committed 
             Both:        1.03 GB reserved,      30.50 MB (  3%) committed 

Chunk freelists:
   Non-Class:  1.25 KB
       Class:  384 bytes
        Both:  1.63 KB

CodeHeap 'non-profiled nmethods': size=120000Kb used=1545Kb max_used=1545Kb free=118454Kb
 bounds [0x00000185987f0000, 0x0000018598a60000, 0x000001859fd20000]
CodeHeap 'profiled nmethods': size=120000Kb used=6887Kb max_used=6887Kb free=113112Kb
 bounds [0x00000185912c0000, 0x0000018591980000, 0x00000185987f0000]
CodeHeap 'non-nmethods': size=5760Kb used=1144Kb max_used=1207Kb free=4615Kb
 bounds [0x0000018590d20000, 0x0000018590f90000, 0x00000185912c0000]
 total_blobs=3603 nmethods=3155 adapters=359
 compilation: enabled
              stopped_count=0, restarted_count=0
 full_count=0

Compilation events (10 events):
Event: 2.366 Thread 0x00000185ac0fb000 3084   !   3       org.springframework.beans.factory.support.DefaultSingletonBeanRegistry::getSingleton (147 bytes)
Event: 2.367 Thread 0x00000185ac0fb000 nmethod 3084 0x0000018591945e10 code [0x0000018591946080, 0x0000018591946ee8]
Event: 2.367 Thread 0x00000185acba0000 nmethod 3055 0x0000018598968810 code [0x00000185989689a0, 0x0000018598969218]
Event: 2.367 Thread 0x00000185acba0000 3083       4       org.springframework.beans.factory.support.AbstractBeanFactory::isTypeMatch (607 bytes)
Event: 2.378 Thread 0x00000185ac0fb000 3085       3       jdk.internal.reflect.ClassFileAssembler::opc_invokespecial (26 bytes)
Event: 2.379 Thread 0x00000185ac0fb000 nmethod 3085 0x0000018591947410 code [0x0000018591947620, 0x0000018591947b88]
Event: 2.379 Thread 0x00000185ac0fb000 3086       3       jdk.internal.reflect.ClassFileAssembler::emitInt (46 bytes)
Event: 2.379 Thread 0x00000185ac0fb000 nmethod 3086 0x0000018591947e10 code [0x0000018591948020, 0x0000018591948538]
Event: 2.379 Thread 0x00000185ac0fb000 3087       1       java.util.Collections$EmptyMap::get (2 bytes)
Event: 2.379 Thread 0x00000185ac0fb000 nmethod 3087 0x0000018598969490 code [0x0000018598969620, 0x00000185989696d8]

GC Heap History (6 events):
Event: 0.593 GC heap before
{Heap before GC invocations=0 (full 0):
 garbage-first heap   total 258048K, used 24576K [0x0000000705000000, 0x0000000800000000)
  region size 1024K, 24 young (24576K), 0 survivors (0K)
 Metaspace       used 10904K, capacity 11154K, committed 11392K, reserved 1058816K
  class space    used 1043K, capacity 1099K, committed 1152K, reserved 1048576K
}
Event: 0.596 GC heap after
{Heap after GC invocations=1 (full 0):
 garbage-first heap   total 258048K, used 6461K [0x0000000705000000, 0x0000000800000000)
  region size 1024K, 3 young (3072K), 3 survivors (3072K)
 Metaspace       used 10904K, capacity 11154K, committed 11392K, reserved 1058816K
  class space    used 1043K, capacity 1099K, committed 1152K, reserved 1048576K
}
Event: 1.196 GC heap before
{Heap before GC invocations=1 (full 0):
 garbage-first heap   total 258048K, used 96573K [0x0000000705000000, 0x0000000800000000)
  region size 1024K, 93 young (95232K), 3 survivors (3072K)
 Metaspace       used 20640K, capacity 21146K, committed 21296K, reserved 1069056K
  class space    used 2230K, capacity 2455K, committed 2560K, reserved 1048576K
}
Event: 1.202 GC heap after
{Heap after GC invocations=2 (full 0):
 garbage-first heap   total 258048K, used 8748K [0x0000000705000000, 0x0000000800000000)
  region size 1024K, 6 young (6144K), 6 survivors (6144K)
 Metaspace       used 20640K, capacity 21146K, committed 21296K, reserved 1069056K
  class space    used 2230K, capacity 2455K, committed 2560K, reserved 1048576K
}
Event: 1.866 GC heap before
{Heap before GC invocations=3 (full 0):
 garbage-first heap   total 258048K, used 99884K [0x0000000705000000, 0x0000000800000000)
  region size 1024K, 96 young (98304K), 6 survivors (6144K)
 Metaspace       used 25883K, capacity 26526K, committed 26752K, reserved 1073152K
  class space    used 2892K, capacity 3185K, committed 3200K, reserved 1048576K
}
Event: 1.871 GC heap after
{Heap after GC invocations=4 (full 0):
 garbage-first heap   total 258048K, used 11011K [0x0000000705000000, 0x0000000800000000)
  region size 1024K, 8 young (8192K), 8 survivors (8192K)
 Metaspace       used 25883K, capacity 26526K, committed 26752K, reserved 1073152K
  class space    used 2892K, capacity 3185K, committed 3200K, reserved 1048576K
}

Deoptimization events (10 events):
Event: 1.953 Thread 0x00000185ad43c000 Uncommon trap: reason=class_check action=maybe_recompile pc=0x000001859883bf68 method=java.lang.String.equals(Ljava/lang/Object;)Z @ 8 c2
Event: 1.953 Thread 0x00000185ad43c000 Uncommon trap: reason=class_check action=maybe_recompile pc=0x0000018598923be8 method=java.lang.String.equals(Ljava/lang/Object;)Z @ 8 c2
Event: 1.954 Thread 0x00000185ad43c000 Uncommon trap: reason=class_check action=maybe_recompile pc=0x000001859883bf68 method=java.lang.String.equals(Ljava/lang/Object;)Z @ 8 c2
Event: 2.041 Thread 0x00000185ad43c000 Uncommon trap: reason=unstable_if action=reinterpret pc=0x000001859888b238 method=java.util.Arrays.equals([Ljava/lang/Object;[Ljava/lang/Object;)Z @ 44 c2
Event: 2.116 Thread 0x00000185ad43c000 Uncommon trap: reason=unstable_if action=reinterpret pc=0x0000018598942b48 method=org.springframework.beans.factory.support.AbstractBeanFactory.isFactoryBean(Ljava/lang/String;Lorg/springframework/beans/factory/support/RootBeanDefinition;)Z @ 38 c2
Event: 2.156 Thread 0x00000185ad43c000 Uncommon trap: reason=unstable_if action=reinterpret pc=0x000001859893efc8 method=org.springframework.beans.factory.support.AbstractBeanFactory.getMergedLocalBeanDefinition(Ljava/lang/String;)Lorg/springframework/beans/factory/support/RootBeanDefinition; 
Event: 2.238 Thread 0x00000185ad43c000 Uncommon trap: reason=unstable_if action=reinterpret pc=0x000001859894d7f8 method=org.springframework.core.ResolvableType$1.isAssignableFrom(Ljava/lang/Class;)Z @ 15 c2
Event: 2.318 Thread 0x00000185ad43c000 Uncommon trap: reason=unstable_if action=reinterpret pc=0x000001859894cb1c method=org.springframework.beans.factory.support.AbstractBeanFactory.getBeanPostProcessorCache()Lorg/springframework/beans/factory/support/AbstractBeanFactory$BeanPostProcessorCach
Event: 2.331 Thread 0x00000185ad43c000 Uncommon trap: reason=unstable_if action=reinterpret pc=0x0000018598954d04 method=org.springframework.beans.factory.support.AbstractBeanFactory.hasInstantiationAwareBeanPostProcessors()Z @ 12 c2
Event: 2.366 Thread 0x00000185ad43c000 Uncommon trap: reason=unstable_if action=reinterpret pc=0x0000018598941c78 method=org.springframework.beans.factory.support.DefaultSingletonBeanRegistry.getSingleton(Ljava/lang/String;Z)Ljava/lang/Object; @ 20 c2

Classes redefined (0 events):
No events

Internal exceptions (10 events):
Event: 1.372 Thread 0x00000185addbf800 Exception <a 'java/lang/NoSuchMethodError'{0x0000000713574370}: java.lang.invoke.DirectMethodHandle$Holder.invokeVirtual(Ljava/lang/Object;Ljava/lang/Object;Ljava/lang/Object;Ljava/lang/Object;)Ljava/lang/Object;> (0x0000000713574370) thrown at [./open/sr
Event: 1.460 Thread 0x00000185ad43c000 Exception <a 'java/lang/IncompatibleClassChangeError'{0x0000000710613b20}: Found class java.lang.Object, but interface was expected> (0x0000000710613b20) thrown at [./open/src/hotspot/share/interpreter/linkResolver.cpp, line 838]
Event: 1.495 Thread 0x00000185ad43c000 Exception <a 'java/lang/NoSuchMethodError'{0x000000071045fa10}: java.lang.invoke.DirectMethodHandle$Holder.invokeInterface(Ljava/lang/Object;Ljava/lang/Object;Ljava/lang/Object;Ljava/lang/Object;)V> (0x000000071045fa10) thrown at [./open/src/hotspot/share
Event: 2.318 Thread 0x00000185ad43c000 Implicit null exception at 0x000001859894c8ad to 0x000001859894caf4
Event: 2.329 Thread 0x00000185ad43c000 Exception <a 'java/lang/NoClassDefFoundError'{0x00000007126978d8}: org/flywaydb/core/Flyway> (0x00000007126978d8) thrown at [./open/src/hotspot/share/classfile/systemDictionary.cpp, line 216]
Event: 2.329 Thread 0x00000185ad43c000 Exception <a 'java/lang/NoClassDefFoundError'{0x000000071269eec8}: liquibase/integration/spring/SpringLiquibase> (0x000000071269eec8) thrown at [./open/src/hotspot/share/classfile/systemDictionary.cpp, line 216]
Event: 2.335 Thread 0x00000185ad43c000 Exception <a 'java/lang/NoClassDefFoundError'{0x00000007125396b0}: org/springframework/batch/core/repository/JobRepository> (0x00000007125396b0) thrown at [./open/src/hotspot/share/classfile/systemDictionary.cpp, line 216]
Event: 2.335 Thread 0x00000185ad43c000 Exception <a 'java/lang/NoClassDefFoundError'{0x000000071253f3e0}: org/quartz/Scheduler> (0x000000071253f3e0) thrown at [./open/src/hotspot/share/classfile/systemDictionary.cpp, line 216]
Event: 2.335 Thread 0x00000185ad43c000 Exception <a 'java/lang/NoClassDefFoundError'{0x0000000712547af8}: org/springframework/session/jdbc/JdbcIndexedSessionRepository> (0x0000000712547af8) thrown at [./open/src/hotspot/share/classfile/systemDictionary.cpp, line 216]
Event: 2.350 Thread 0x00000185ad43c000 Exception <a 'java/lang/NoClassDefFoundError'{0x00000007124c2020}: org/jooq/DSLContext> (0x00000007124c2020) thrown at [./open/src/hotspot/share/classfile/systemDictionary.cpp, line 216]

Events (10 events):
Event: 2.380 loading class org/springframework/aop/framework/adapter/GlobalAdvisorAdapterRegistry
Event: 2.380 loading class org/springframework/aop/framework/adapter/GlobalAdvisorAdapterRegistry done
Event: 2.380 loading class org/springframework/aop/framework/adapter/DefaultAdvisorAdapterRegistry
Event: 2.380 loading class org/springframework/aop/framework/adapter/DefaultAdvisorAdapterRegistry done
Event: 2.381 loading class org/springframework/aop/framework/adapter/AdvisorAdapter
Event: 2.381 loading class org/springframework/aop/framework/adapter/AdvisorAdapter done
Event: 2.381 loading class org/springframework/aop/framework/adapter/UnknownAdviceTypeException
Event: 2.381 loading class org/springframework/aop/framework/adapter/UnknownAdviceTypeException done
Event: 2.381 loading class org/springframework/aop/framework/adapter/MethodBeforeAdviceAdapter
Event: 2.381 loading class org/springframework/aop/framework/adapter/MethodBeforeAdviceAdapter done


Dynamic libraries:
0x00007ff7c5780000 - 0x00007ff7c578f000 	C:\Program Files\Java\jdk-11.0.13\bin\java.exe
0x00007ff9909d0000 - 0x00007ff990bc5000 	C:\Windows\SYSTEM32\ntdll.dll
0x00007ff98ef60000 - 0x00007ff98f01e000 	C:\Windows\System32\KERNEL32.DLL
0x00007ff98e510000 - 0x00007ff98e7d8000 	C:\Windows\System32\KERNELBASE.dll
0x00007ff98e0f0000 - 0x00007ff98e1f0000 	C:\Windows\System32\ucrtbase.dll
0x00007ff96bf10000 - 0x00007ff96bf28000 	C:\Program Files\Java\jdk-11.0.13\bin\jli.dll
0x00007ff96c250000 - 0x00007ff96c265000 	C:\Program Files\Java\jdk-11.0.13\bin\VCRUNTIME140.dll
0x00007ff98f5a0000 - 0x00007ff98f64e000 	C:\Windows\System32\ADVAPI32.dll
0x00007ff98f0b0000 - 0x00007ff98f14e000 	C:\Windows\System32\msvcrt.dll
0x00007ff98ff60000 - 0x00007ff98fffc000 	C:\Windows\System32\sechost.dll
0x00007ff98f650000 - 0x00007ff98f775000 	C:\Windows\System32\RPCRT4.dll
0x00007ff98ea30000 - 0x00007ff98ebd0000 	C:\Windows\System32\USER32.dll
0x00007ff96ee00000 - 0x00007ff96f09a000 	C:\Windows\WinSxS\amd64_microsoft.windows.common-controls_6595b64144ccf1df_6.0.19041.1110_none_60b5254171f9507e\COMCTL32.dll
0x00007ff98e8f0000 - 0x00007ff98e912000 	C:\Windows\System32\win32u.dll
0x00007ff98f020000 - 0x00007ff98f04a000 	C:\Windows\System32\GDI32.dll
0x00007ff98e920000 - 0x00007ff98ea2b000 	C:\Windows\System32\gdi32full.dll
0x00007ff98e1f0000 - 0x00007ff98e28d000 	C:\Windows\System32\msvcp_win.dll
0x00007ff983db0000 - 0x00007ff983dba000 	C:\Windows\SYSTEM32\VERSION.dll
0x00007ff98f150000 - 0x00007ff98f180000 	C:\Windows\System32\IMM32.DLL
0x00007ff9451b0000 - 0x00007ff94524b000 	C:\Program Files\Java\jdk-11.0.13\bin\msvcp140.dll
0x00007ff903240000 - 0x00007ff903d53000 	C:\Program Files\Java\jdk-11.0.13\bin\server\jvm.dll
0x00007ff98f590000 - 0x00007ff98f598000 	C:\Windows\System32\PSAPI.DLL
0x00007ff972530000 - 0x00007ff972557000 	C:\Windows\SYSTEM32\WINMM.dll
0x00007ff974380000 - 0x00007ff974389000 	C:\Windows\SYSTEM32\WSOCK32.dll
0x00007ff98f180000 - 0x00007ff98f1eb000 	C:\Windows\System32\WS2_32.dll
0x00007ff98c9f0000 - 0x00007ff98ca02000 	C:\Windows\SYSTEM32\kernel.appcore.dll
0x00007ff984fc0000 - 0x00007ff984fd0000 	C:\Program Files\Java\jdk-11.0.13\bin\verify.dll
0x00007ff98bf20000 - 0x00007ff98c104000 	C:\Windows\SYSTEM32\DBGHELP.DLL
0x00007ff97c8b0000 - 0x00007ff97c8dc000 	C:\Windows\SYSTEM32\dbgcore.DLL
0x00007ff98e7e0000 - 0x00007ff98e862000 	C:\Windows\System32\bcryptPrimitives.dll
0x00007ff96a450000 - 0x00007ff96a478000 	C:\Program Files\Java\jdk-11.0.13\bin\java.dll
0x00007ff983540000 - 0x00007ff98354a000 	C:\Program Files\Java\jdk-11.0.13\bin\jimage.dll
0x00007ff982d00000 - 0x00007ff982d0e000 	C:\Program Files\Java\jdk-11.0.13\bin\instrument.dll
0x00007ff96bef0000 - 0x00007ff96bf06000 	C:\Program Files\Java\jdk-11.0.13\bin\zip.dll
0x00007ff98f810000 - 0x00007ff98ff54000 	C:\Windows\System32\SHELL32.dll
0x00007ff98c110000 - 0x00007ff98c8a4000 	C:\Windows\SYSTEM32\windows.storage.dll
0x00007ff990000000 - 0x00007ff990354000 	C:\Windows\System32\combase.dll
0x00007ff98db60000 - 0x00007ff98db8c000 	C:\Windows\SYSTEM32\Wldp.dll
0x00007ff98f1f0000 - 0x00007ff98f29d000 	C:\Windows\System32\SHCORE.dll
0x00007ff98f050000 - 0x00007ff98f0a5000 	C:\Windows\System32\shlwapi.dll
0x00007ff98e030000 - 0x00007ff98e04f000 	C:\Windows\SYSTEM32\profapi.dll
0x00007ff96a2a0000 - 0x00007ff96a2b9000 	C:\Program Files\Java\jdk-11.0.13\bin\net.dll
0x00007ff986250000 - 0x00007ff98635a000 	C:\Windows\SYSTEM32\WINHTTP.dll
0x00007ff98d8c0000 - 0x00007ff98d92a000 	C:\Windows\system32\mswsock.dll
0x00007ff969070000 - 0x00007ff969082000 	C:\Program Files\Java\jdk-11.0.13\bin\nio.dll
0x00007ff9715b0000 - 0x00007ff9715ca000 	C:\Users\Kafka\AppData\Local\JetBrains\Toolbox\apps\IDEA-C\ch-0\213.6777.52\bin\breakgen64.dll
0x00007ff9851d0000 - 0x00007ff9851d9000 	C:\Program Files\Java\jdk-11.0.13\bin\management.dll
0x00007ff97d910000 - 0x00007ff97d91b000 	C:\Program Files\Java\jdk-11.0.13\bin\management_ext.dll
0x00007ff959c00000 - 0x00007ff959c17000 	C:\Windows\system32\napinsp.dll
0x00007ff959bc0000 - 0x00007ff959bdb000 	C:\Windows\system32\pnrpnsp.dll
0x00007ff986540000 - 0x00007ff986555000 	C:\Windows\system32\wshbth.dll
0x00007ff987000000 - 0x00007ff98701d000 	C:\Windows\system32\NLAapi.dll
0x00007ff98d560000 - 0x00007ff98d59b000 	C:\Windows\SYSTEM32\IPHLPAPI.DLL
0x00007ff98d600000 - 0x00007ff98d6cb000 	C:\Windows\SYSTEM32\DNSAPI.dll
0x00007ff990980000 - 0x00007ff990988000 	C:\Windows\System32\NSI.dll
0x00007ff959ba0000 - 0x00007ff959bb2000 	C:\Windows\System32\winrnr.dll
0x00007ff983ae0000 - 0x00007ff983aea000 	C:\Windows\System32\rasadhlp.dll
0x00007ff981a80000 - 0x00007ff981aff000 	C:\Windows\System32\fwpuclnt.dll
0x00007ff98e8c0000 - 0x00007ff98e8e7000 	C:\Windows\System32\bcrypt.dll

dbghelp: loaded successfully - version: 4.0.5 - missing functions: none
symbol engine: initialized successfully - sym options: 0x614 - pdb path: .;C:\Program Files\Java\jdk-11.0.13\bin;C:\Windows\SYSTEM32;C:\Windows\WinSxS\amd64_microsoft.windows.common-controls_6595b64144ccf1df_6.0.19041.1110_none_60b5254171f9507e;C:\Program Files\Java\jdk-11.0.13\bin\server;C:\Users\Kafka\AppData\Local\JetBrains\Toolbox\apps\IDEA-C\ch-0\213.6777.52\bin

VM Arguments:
jvm_args: -javaagent:C:\Users\Kafka\AppData\Local\JetBrains\Toolbox\apps\IDEA-C\ch-0\213.6777.52\lib\idea_rt.jar=62944:C:\Users\Kafka\AppData\Local\JetBrains\Toolbox\apps\IDEA-C\ch-0\213.6777.52\bin -Dfile.encoding=UTF-8 
java_command: jpabook.jpashop.JpashopApplication
java_class_path (initial): A:\WorkSpace\Back-end\Spring\SpringDB\스프링부트JPA활용\Jpa활용1편-2회차\jpashop\out\production\classes;A:\WorkSpace\Back-end\Spring\SpringDB\스프링부트JPA활용\Jpa활용1편-2회차\jpashop\out\production\resources;C:\Users\Kafka\.gradle\caches\modules-2\files-2.1\org.springframework.boot\spring-boot-starter-data-jpa\2.6.7\c67c8556deb506677da64cac10c6e4edcff41847\spring-boot-starter-data-jpa-2.6.7.jar;C:\Users\Kafka\.gradle\caches\modules-2\files-2.1\org.springframework.boot\spring-boot-starter-thymeleaf\2.6.7\d09d0e06d2ac1d0b7eed3da9cc459ab4fa5b50c\spring-boot-starter-thymeleaf-2.6.7.jar;C:\Users\Kafka\.gradle\caches\modules-2\files-2.1\org.springframework.boot\spring-boot-starter-web\2.6.7\d877d6b14397f0c4b3a1611149a37eaf47f32195\spring-boot-starter-web-2.6.7.jar;C:\Users\Kafka\.gradle\caches\modules-2\files-2.1\org.springframework.boot\spring-boot-starter-aop\2.6.7\35c3b25e425476d68a697206f6d96790ba7e03f9\spring-boot-starter-aop-2.6.7.jar;C:\Users\Kafka\.gradle\caches\modules-2\files-2.1\org.springframework.boot\spring-boot-starter-jdbc\2.6.7\59b45ed0a157283ecbdf76fc30805a80aae6cfb7\spring-boot-starter-jdbc-2.6.7.jar;C:\Users\Kafka\.gradle\caches\modules-2\files-2.1\jakarta.transaction\jakarta.transaction-api\1.3.3\c4179d48720a1e87202115fbed6089bdc4195405\jakarta.transaction-api-1.3.3.jar;C:\Users\Kafka\.gradle\caches\modules-2\files-2.1\jakarta.persistence\jakarta.persistence-api\2.2.3\8f6ea5daedc614f07a3654a455660145286f024e\jakarta.persistence-api-2.2.3.jar;C:\Users\Kafka\.gradle\caches\modules-2\files-2.1\org.hibernate\hibernate-core\5.6.8.Final\bb775500aff700151b9daa3b4d9de781245d39e6\hibernate-core-5.6.8.Final.jar;C:\Users\Kafka\.gradle\caches\modules-2\files-2.1\org.springframework.data\spring-data-jpa\2.6.4\21180cf5c2853453d73d372e736fbe6f5287e28a\spring-data-jpa-2.6.4.jar;C:\Users\Kafka\.gradle\caches\modules-2\files-2.1\org.springframework\spring-aspects\5.3.19\a60d729e20daa34220b63be28d1b3cd20c1128e8\spring-aspects-5.3.19.jar;C:
Launcher Type: SUN_STANDARD

[Global flags]
     intx CICompilerCount                          = 4                                         {product} {ergonomic}
     uint ConcGCThreads                            = 2                                         {product} {ergonomic}
     uint G1ConcRefinementThreads                  = 8                                         {product} {ergonomic}
   size_t G1HeapRegionSize                         = 1048576                                   {product} {ergonomic}
    uintx GCDrainStackTargetSize                   = 64                                        {product} {ergonomic}
   size_t InitialHeapSize                          = 264241152                                 {product} {ergonomic}
   size_t MarkStackSize                            = 4194304                                   {product} {ergonomic}
   size_t MaxHeapSize                              = 4211081216                                {product} {ergonomic}
   size_t MaxNewSize                               = 2526019584                                {product} {ergonomic}
   size_t MinHeapDeltaBytes                        = 1048576                                   {product} {ergonomic}
    uintx NonNMethodCodeHeapSize                   = 5836300                                {pd product} {ergonomic}
    uintx NonProfiledCodeHeapSize                  = 122910970                              {pd product} {ergonomic}
    uintx ProfiledCodeHeapSize                     = 122910970                              {pd product} {ergonomic}
    uintx ReservedCodeCacheSize                    = 251658240                              {pd product} {ergonomic}
     bool SegmentedCodeCache                       = true                                      {product} {ergonomic}
     bool UseCompressedClassPointers               = true                                 {lp64_product} {ergonomic}
     bool UseCompressedOops                        = true                                 {lp64_product} {ergonomic}
     bool UseG1GC                                  = true                                      {product} {ergonomic}
     bool UseLargePagesIndividualAllocation        = false                                  {pd product} {ergonomic}

Logging:
Log output configuration:
 #0: stdout all=warning uptime,level,tags
 #1: stderr all=off uptime,level,tags

Environment Variables:
JAVA_HOME=C:\Program Files\Java\jdk-11.0.13
CLASSPATH=%JAVA_HOME%\lib;
PATH=C:\Program Files\Microsoft MPI\Bin\;C:\Program Files\Java\jdk-11.0.13\bin;C:\Windows\system32;C:\Windows;C:\Windows\System32\Wbem;C:\Windows\System32\WindowsPowerShell\v1.0\;C:\Windows\System32\OpenSSH\;C:\Program Files (x86)\NVIDIA Corporation\PhysX\Common;C:\Program Files\NVIDIA Corporation\NVIDIA NvDLISR;C:\Program Files\Git\cmd;C:\Program Files\Microsoft SQL Server\150\Tools\Binn\;C:\Program Files\Microsoft SQL Server\Client SDK\ODBC\170\Tools\Binn\;C:\Program Files\MySQL\MySQL Shell 8.0\bin\;C:\Users\Kafka\AppData\Local\Microsoft\WindowsApps;;C:\Users\Kafka\AppData\Local\Programs\Microsoft VS Code\bin
USERNAME=Kafka
OS=Windows_NT
PROCESSOR_IDENTIFIER=Intel64 Family 6 Model 140 Stepping 1, GenuineIntel



---------------  S Y S T E M  ---------------

OS: Windows 10 , 64 bit Build 19041 (10.0.19041.1645)

CPU:total 8 (initial active 8) (4 cores per cpu, 2 threads per core) family 6 model 140 stepping 1 microcode 0x86, cmov, cx8, fxsr, mmx, sse, sse2, sse3, ssse3, sse4.1, sse4.2, popcnt, avx, avx2, aes, clmul, erms, 3dnowpref, lzcnt, ht, tsc, tscinvbit, bmi1, bmi2, adx, evex, sha, fma

Memory: 4k page, system-wide physical 16062M (2396M free)
TotalPageFile size 21236M (AvailPageFile size 4M)
current process WorkingSet (physical memory assigned to process): 229M, peak: 232M
current process commit charge ("private bytes"): 416M, peak: 419M

vm_info: Java HotSpot(TM) 64-Bit Server VM (11.0.13+10-LTS-370) for windows-amd64 JRE (11.0.13+10-LTS-370), built on Sep 15 2021 22:10:36 by "mach5one" with MS VC++ 15.9 (VS2017)

END.
